  main.c
D:\c_code_gitee\c_language\Custom_type\main.c(105,12): warning C4477: “printf”: 格式字符串“%d”需要类型“int”的参数，但可变参数 1 拥有了类型“size_t”
  D:\c_code_gitee\c_language\Custom_type\main.c(105,12):
  请考虑在格式字符串中使用“%zd”
  
D:\c_code_gitee\c_language\Custom_type\main.c(106,12): warning C4477: “printf”: 格式字符串“%d”需要类型“int”的参数，但可变参数 1 拥有了类型“size_t”
  D:\c_code_gitee\c_language\Custom_type\main.c(106,12):
  请考虑在格式字符串中使用“%zd”
  
D:\c_code_gitee\c_language\Custom_type\main.c(108,12): warning C4477: “printf”: 格式字符串“%d”需要类型“int”的参数，但可变参数 1 拥有了类型“size_t”
  D:\c_code_gitee\c_language\Custom_type\main.c(108,12):
  请考虑在格式字符串中使用“%zd”
  
D:\c_code_gitee\c_language\Custom_type\main.c(109,12): warning C4477: “printf”: 格式字符串“%d”需要类型“int”的参数，但可变参数 1 拥有了类型“size_t”
  D:\c_code_gitee\c_language\Custom_type\main.c(109,12):
  请考虑在格式字符串中使用“%zd”
  
D:\c_code_gitee\c_language\Custom_type\main.c(110,12): warning C4477: “printf”: 格式字符串“%d”需要类型“int”的参数，但可变参数 1 拥有了类型“size_t”
  D:\c_code_gitee\c_language\Custom_type\main.c(110,12):
  请考虑在格式字符串中使用“%zd”
  
D:\c_code_gitee\c_language\Custom_type\main.c(122,12): warning C4477: “printf”: 格式字符串“%d”需要类型“int”的参数，但可变参数 1 拥有了类型“size_t”
  D:\c_code_gitee\c_language\Custom_type\main.c(122,12):
  请考虑在格式字符串中使用“%zd”
  
D:\c_code_gitee\c_language\Custom_type\main.c(123,12): warning C4477: “printf”: 格式字符串“%d”需要类型“int”的参数，但可变参数 1 拥有了类型“size_t”
  D:\c_code_gitee\c_language\Custom_type\main.c(123,12):
  请考虑在格式字符串中使用“%zd”
  
D:\c_code_gitee\c_language\Custom_type\main.c(124,12): warning C4477: “printf”: 格式字符串“%d”需要类型“int”的参数，但可变参数 1 拥有了类型“size_t”
  D:\c_code_gitee\c_language\Custom_type\main.c(124,12):
  请考虑在格式字符串中使用“%zd”
  
D:\c_code_gitee\c_language\Custom_type\main.c(132,12): warning C4477: “printf”: 格式字符串“%d”需要类型“int”的参数，但可变参数 1 拥有了类型“size_t”
  D:\c_code_gitee\c_language\Custom_type\main.c(132,12):
  请考虑在格式字符串中使用“%zd”
  
D:\c_code_gitee\c_language\Custom_type\main.c(151,12): warning C4477: “printf”: 格式字符串“%d”需要类型“int”的参数，但可变参数 1 拥有了类型“size_t”
  D:\c_code_gitee\c_language\Custom_type\main.c(151,12):
  请考虑在格式字符串中使用“%zd”
  
D:\c_code_gitee\c_language\Custom_type\main.c(93,15): warning C4101: “sn3”: 未引用的局部变量
  Custom_type.vcxproj -> D:\c_code_gitee\c_language\Custom_type\x64\Debug\Custom_type.exe
