  main.c
D:\c_code_gitee\c_language\Pointer_advanced_3\main.c(9,12): warning C4477: “printf”: 格式字符串“%d”需要类型“int”的参数，但可变参数 1 拥有了类型“size_t”
  D:\c_code_gitee\c_language\Pointer_advanced_3\main.c(9,12):
  请考虑在格式字符串中使用“%zd”
  
D:\c_code_gitee\c_language\Pointer_advanced_3\main.c(10,12): warning C4477: “printf”: 格式字符串“%d”需要类型“int”的参数，但可变参数 1 拥有了类型“size_t”
  D:\c_code_gitee\c_language\Pointer_advanced_3\main.c(10,12):
  请考虑在格式字符串中使用“%zd”
  
D:\c_code_gitee\c_language\Pointer_advanced_3\main.c(11,12): warning C4477: “printf”: 格式字符串“%d”需要类型“int”的参数，但可变参数 1 拥有了类型“size_t”
  D:\c_code_gitee\c_language\Pointer_advanced_3\main.c(11,12):
  请考虑在格式字符串中使用“%zd”
  
D:\c_code_gitee\c_language\Pointer_advanced_3\main.c(12,9): warning C4477: “printf”: 格式字符串“%d”需要类型“int”的参数，但可变参数 1 拥有了类型“size_t”
  D:\c_code_gitee\c_language\Pointer_advanced_3\main.c(12,9):
  请考虑在格式字符串中使用“%zd”
  
D:\c_code_gitee\c_language\Pointer_advanced_3\main.c(13,9): warning C4477: “printf”: 格式字符串“%d”需要类型“int”的参数，但可变参数 1 拥有了类型“size_t”
  D:\c_code_gitee\c_language\Pointer_advanced_3\main.c(13,9):
  请考虑在格式字符串中使用“%zd”
  
D:\c_code_gitee\c_language\Pointer_advanced_3\main.c(14,9): warning C4477: “printf”: 格式字符串“%d”需要类型“int”的参数，但可变参数 1 拥有了类型“size_t”
  D:\c_code_gitee\c_language\Pointer_advanced_3\main.c(14,9):
  请考虑在格式字符串中使用“%zd”
  
D:\c_code_gitee\c_language\Pointer_advanced_3\main.c(15,9): warning C4477: “printf”: 格式字符串“%d”需要类型“int”的参数，但可变参数 1 拥有了类型“size_t”
  D:\c_code_gitee\c_language\Pointer_advanced_3\main.c(15,9):
  请考虑在格式字符串中使用“%zd”
  
D:\c_code_gitee\c_language\Pointer_advanced_3\main.c(16,9): warning C4477: “printf”: 格式字符串“%d”需要类型“int”的参数，但可变参数 1 拥有了类型“size_t”
  D:\c_code_gitee\c_language\Pointer_advanced_3\main.c(16,9):
  请考虑在格式字符串中使用“%zd”
  
D:\c_code_gitee\c_language\Pointer_advanced_3\main.c(17,9): warning C4477: “printf”: 格式字符串“%d”需要类型“int”的参数，但可变参数 1 拥有了类型“size_t”
  D:\c_code_gitee\c_language\Pointer_advanced_3\main.c(17,9):
  请考虑在格式字符串中使用“%zd”
  
D:\c_code_gitee\c_language\Pointer_advanced_3\main.c(18,9): warning C4477: “printf”: 格式字符串“%d”需要类型“int”的参数，但可变参数 1 拥有了类型“size_t”
  D:\c_code_gitee\c_language\Pointer_advanced_3\main.c(18,9):
  请考虑在格式字符串中使用“%zd”
  
D:\c_code_gitee\c_language\Pointer_advanced_3\main.c(22,9): warning C4477: “printf”: 格式字符串“%d”需要类型“int”的参数，但可变参数 1 拥有了类型“size_t”
  D:\c_code_gitee\c_language\Pointer_advanced_3\main.c(22,9):
  请考虑在格式字符串中使用“%zd”
  
D:\c_code_gitee\c_language\Pointer_advanced_3\main.c(23,9): warning C4477: “printf”: 格式字符串“%d”需要类型“int”的参数，但可变参数 1 拥有了类型“size_t”
  D:\c_code_gitee\c_language\Pointer_advanced_3\main.c(23,9):
  请考虑在格式字符串中使用“%zd”
  
D:\c_code_gitee\c_language\Pointer_advanced_3\main.c(24,9): warning C4477: “printf”: 格式字符串“%d”需要类型“int”的参数，但可变参数 1 拥有了类型“size_t”
  D:\c_code_gitee\c_language\Pointer_advanced_3\main.c(24,9):
  请考虑在格式字符串中使用“%zd”
  
D:\c_code_gitee\c_language\Pointer_advanced_3\main.c(25,9): warning C4477: “printf”: 格式字符串“%d”需要类型“int”的参数，但可变参数 1 拥有了类型“size_t”
  D:\c_code_gitee\c_language\Pointer_advanced_3\main.c(25,9):
  请考虑在格式字符串中使用“%zd”
  
D:\c_code_gitee\c_language\Pointer_advanced_3\main.c(26,9): warning C4477: “printf”: 格式字符串“%d”需要类型“int”的参数，但可变参数 1 拥有了类型“size_t”
  D:\c_code_gitee\c_language\Pointer_advanced_3\main.c(26,9):
  请考虑在格式字符串中使用“%zd”
  
D:\c_code_gitee\c_language\Pointer_advanced_3\main.c(27,9): warning C4477: “printf”: 格式字符串“%d”需要类型“int”的参数，但可变参数 1 拥有了类型“size_t”
  D:\c_code_gitee\c_language\Pointer_advanced_3\main.c(27,9):
  请考虑在格式字符串中使用“%zd”
  
D:\c_code_gitee\c_language\Pointer_advanced_3\main.c(28,9): warning C4477: “printf”: 格式字符串“%d”需要类型“int”的参数，但可变参数 1 拥有了类型“size_t”
  D:\c_code_gitee\c_language\Pointer_advanced_3\main.c(28,9):
  请考虑在格式字符串中使用“%zd”
  
D:\c_code_gitee\c_language\Pointer_advanced_3\main.c(30,9): warning C4477: “printf”: 格式字符串“%d”需要类型“int”的参数，但可变参数 1 拥有了类型“size_t”
  D:\c_code_gitee\c_language\Pointer_advanced_3\main.c(30,9):
  请考虑在格式字符串中使用“%zd”
  
D:\c_code_gitee\c_language\Pointer_advanced_3\main.c(31,9): warning C4477: “printf”: 格式字符串“%d”需要类型“int”的参数，但可变参数 1 拥有了类型“size_t”
  D:\c_code_gitee\c_language\Pointer_advanced_3\main.c(31,9):
  请考虑在格式字符串中使用“%zd”
  
D:\c_code_gitee\c_language\Pointer_advanced_3\main.c(34,24): warning C4047: “函数”:“const char *”与“char (*)[6]”的间接级别不同
D:\c_code_gitee\c_language\Pointer_advanced_3\main.c(34,24): warning C4024: “strlen”: 形参和实参 1 的类型不同
D:\c_code_gitee\c_language\Pointer_advanced_3\main.c(34,9): warning C4477: “printf”: 格式字符串“%d”需要类型“int”的参数，但可变参数 1 拥有了类型“size_t”
  D:\c_code_gitee\c_language\Pointer_advanced_3\main.c(34,9):
  请考虑在格式字符串中使用“%zd”
  
D:\c_code_gitee\c_language\Pointer_advanced_3\main.c(35,29): warning C4047: “函数”:“const char *”与“char (*)[6]”的间接级别不同
D:\c_code_gitee\c_language\Pointer_advanced_3\main.c(35,29): warning C4024: “strlen”: 形参和实参 1 的类型不同
D:\c_code_gitee\c_language\Pointer_advanced_3\main.c(35,9): warning C4477: “printf”: 格式字符串“%d”需要类型“int”的参数，但可变参数 1 拥有了类型“size_t”
  D:\c_code_gitee\c_language\Pointer_advanced_3\main.c(35,9):
  请考虑在格式字符串中使用“%zd”
  
D:\c_code_gitee\c_language\Pointer_advanced_3\main.c(36,9): warning C4477: “printf”: 格式字符串“%d”需要类型“int”的参数，但可变参数 1 拥有了类型“size_t”
  D:\c_code_gitee\c_language\Pointer_advanced_3\main.c(36,9):
  请考虑在格式字符串中使用“%zd”
  
D:\c_code_gitee\c_language\Pointer_advanced_3\main.c(39,7): error C2374: “arr”: 重定义；多次初始化
  D:\c_code_gitee\c_language\Pointer_advanced_3\main.c(21,7):
  参见“arr”的声明
  
D:\c_code_gitee\c_language\Pointer_advanced_3\main.c(40,9): warning C4477: “printf”: 格式字符串“%d”需要类型“int”的参数，但可变参数 1 拥有了类型“size_t”
  D:\c_code_gitee\c_language\Pointer_advanced_3\main.c(40,9):
  请考虑在格式字符串中使用“%zd”
  
D:\c_code_gitee\c_language\Pointer_advanced_3\main.c(41,9): warning C4477: “printf”: 格式字符串“%d”需要类型“int”的参数，但可变参数 1 拥有了类型“size_t”
  D:\c_code_gitee\c_language\Pointer_advanced_3\main.c(41,9):
  请考虑在格式字符串中使用“%zd”
  
D:\c_code_gitee\c_language\Pointer_advanced_3\main.c(42,9): warning C4477: “printf”: 格式字符串“%d”需要类型“int”的参数，但可变参数 1 拥有了类型“size_t”
  D:\c_code_gitee\c_language\Pointer_advanced_3\main.c(42,9):
  请考虑在格式字符串中使用“%zd”
  
D:\c_code_gitee\c_language\Pointer_advanced_3\main.c(43,9): warning C4477: “printf”: 格式字符串“%d”需要类型“int”的参数，但可变参数 1 拥有了类型“size_t”
  D:\c_code_gitee\c_language\Pointer_advanced_3\main.c(43,9):
  请考虑在格式字符串中使用“%zd”
  
D:\c_code_gitee\c_language\Pointer_advanced_3\main.c(44,9): warning C4477: “printf”: 格式字符串“%d”需要类型“int”的参数，但可变参数 1 拥有了类型“size_t”
  D:\c_code_gitee\c_language\Pointer_advanced_3\main.c(44,9):
  请考虑在格式字符串中使用“%zd”
  
D:\c_code_gitee\c_language\Pointer_advanced_3\main.c(45,9): warning C4477: “printf”: 格式字符串“%d”需要类型“int”的参数，但可变参数 1 拥有了类型“size_t”
  D:\c_code_gitee\c_language\Pointer_advanced_3\main.c(45,9):
  请考虑在格式字符串中使用“%zd”
  
D:\c_code_gitee\c_language\Pointer_advanced_3\main.c(46,9): warning C4477: “printf”: 格式字符串“%d”需要类型“int”的参数，但可变参数 1 拥有了类型“size_t”
  D:\c_code_gitee\c_language\Pointer_advanced_3\main.c(46,9):
  请考虑在格式字符串中使用“%zd”
  
D:\c_code_gitee\c_language\Pointer_advanced_3\main.c(48,9): warning C4477: “printf”: 格式字符串“%d”需要类型“int”的参数，但可变参数 1 拥有了类型“size_t”
  D:\c_code_gitee\c_language\Pointer_advanced_3\main.c(48,9):
  请考虑在格式字符串中使用“%zd”
  
D:\c_code_gitee\c_language\Pointer_advanced_3\main.c(49,9): warning C4477: “printf”: 格式字符串“%d”需要类型“int”的参数，但可变参数 1 拥有了类型“size_t”
  D:\c_code_gitee\c_language\Pointer_advanced_3\main.c(49,9):
  请考虑在格式字符串中使用“%zd”
  
D:\c_code_gitee\c_language\Pointer_advanced_3\main.c(52,24): warning C4047: “函数”:“const char *”与“char (*)[6]”的间接级别不同
D:\c_code_gitee\c_language\Pointer_advanced_3\main.c(52,24): warning C4024: “strlen”: 形参和实参 1 的类型不同
D:\c_code_gitee\c_language\Pointer_advanced_3\main.c(52,9): warning C4477: “printf”: 格式字符串“%d”需要类型“int”的参数，但可变参数 1 拥有了类型“size_t”
  D:\c_code_gitee\c_language\Pointer_advanced_3\main.c(52,9):
  请考虑在格式字符串中使用“%zd”
  
D:\c_code_gitee\c_language\Pointer_advanced_3\main.c(53,29): warning C4047: “函数”:“const char *”与“char (*)[6]”的间接级别不同
D:\c_code_gitee\c_language\Pointer_advanced_3\main.c(53,29): warning C4024: “strlen”: 形参和实参 1 的类型不同
D:\c_code_gitee\c_language\Pointer_advanced_3\main.c(53,9): warning C4477: “printf”: 格式字符串“%d”需要类型“int”的参数，但可变参数 1 拥有了类型“size_t”
  D:\c_code_gitee\c_language\Pointer_advanced_3\main.c(53,9):
  请考虑在格式字符串中使用“%zd”
  
D:\c_code_gitee\c_language\Pointer_advanced_3\main.c(54,9): warning C4477: “printf”: 格式字符串“%d”需要类型“int”的参数，但可变参数 1 拥有了类型“size_t”
  D:\c_code_gitee\c_language\Pointer_advanced_3\main.c(54,9):
  请考虑在格式字符串中使用“%zd”
  
D:\c_code_gitee\c_language\Pointer_advanced_3\main.c(58,9): warning C4477: “printf”: 格式字符串“%d”需要类型“int”的参数，但可变参数 1 拥有了类型“size_t”
  D:\c_code_gitee\c_language\Pointer_advanced_3\main.c(58,9):
  请考虑在格式字符串中使用“%zd”
  
D:\c_code_gitee\c_language\Pointer_advanced_3\main.c(59,9): warning C4477: “printf”: 格式字符串“%d”需要类型“int”的参数，但可变参数 1 拥有了类型“size_t”
  D:\c_code_gitee\c_language\Pointer_advanced_3\main.c(59,9):
  请考虑在格式字符串中使用“%zd”
  
D:\c_code_gitee\c_language\Pointer_advanced_3\main.c(60,9): warning C4477: “printf”: 格式字符串“%d”需要类型“int”的参数，但可变参数 1 拥有了类型“size_t”
  D:\c_code_gitee\c_language\Pointer_advanced_3\main.c(60,9):
  请考虑在格式字符串中使用“%zd”
  
D:\c_code_gitee\c_language\Pointer_advanced_3\main.c(61,9): warning C4477: “printf”: 格式字符串“%d”需要类型“int”的参数，但可变参数 1 拥有了类型“size_t”
  D:\c_code_gitee\c_language\Pointer_advanced_3\main.c(61,9):
  请考虑在格式字符串中使用“%zd”
  
D:\c_code_gitee\c_language\Pointer_advanced_3\main.c(62,9): warning C4477: “printf”: 格式字符串“%d”需要类型“int”的参数，但可变参数 1 拥有了类型“size_t”
  D:\c_code_gitee\c_language\Pointer_advanced_3\main.c(62,9):
  请考虑在格式字符串中使用“%zd”
  
D:\c_code_gitee\c_language\Pointer_advanced_3\main.c(63,9): warning C4477: “printf”: 格式字符串“%d”需要类型“int”的参数，但可变参数 1 拥有了类型“size_t”
  D:\c_code_gitee\c_language\Pointer_advanced_3\main.c(63,9):
  请考虑在格式字符串中使用“%zd”
  
D:\c_code_gitee\c_language\Pointer_advanced_3\main.c(64,9): warning C4477: “printf”: 格式字符串“%d”需要类型“int”的参数，但可变参数 1 拥有了类型“size_t”
  D:\c_code_gitee\c_language\Pointer_advanced_3\main.c(64,9):
  请考虑在格式字符串中使用“%zd”
  
D:\c_code_gitee\c_language\Pointer_advanced_3\main.c(66,9): warning C4477: “printf”: 格式字符串“%d”需要类型“int”的参数，但可变参数 1 拥有了类型“size_t”
  D:\c_code_gitee\c_language\Pointer_advanced_3\main.c(66,9):
  请考虑在格式字符串中使用“%zd”
  
D:\c_code_gitee\c_language\Pointer_advanced_3\main.c(67,9): warning C4477: “printf”: 格式字符串“%d”需要类型“int”的参数，但可变参数 1 拥有了类型“size_t”
  D:\c_code_gitee\c_language\Pointer_advanced_3\main.c(67,9):
  请考虑在格式字符串中使用“%zd”
  
D:\c_code_gitee\c_language\Pointer_advanced_3\main.c(70,24): warning C4047: “函数”:“const char *”与“char **”的间接级别不同
D:\c_code_gitee\c_language\Pointer_advanced_3\main.c(70,24): warning C4024: “strlen”: 形参和实参 1 的类型不同
D:\c_code_gitee\c_language\Pointer_advanced_3\main.c(70,9): warning C4477: “printf”: 格式字符串“%d”需要类型“int”的参数，但可变参数 1 拥有了类型“size_t”
  D:\c_code_gitee\c_language\Pointer_advanced_3\main.c(70,9):
  请考虑在格式字符串中使用“%zd”
  
D:\c_code_gitee\c_language\Pointer_advanced_3\main.c(71,27): warning C4047: “函数”:“const char *”与“char **”的间接级别不同
D:\c_code_gitee\c_language\Pointer_advanced_3\main.c(71,27): warning C4024: “strlen”: 形参和实参 1 的类型不同
D:\c_code_gitee\c_language\Pointer_advanced_3\main.c(71,9): warning C4477: “printf”: 格式字符串“%d”需要类型“int”的参数，但可变参数 1 拥有了类型“size_t”
  D:\c_code_gitee\c_language\Pointer_advanced_3\main.c(71,9):
  请考虑在格式字符串中使用“%zd”
  
D:\c_code_gitee\c_language\Pointer_advanced_3\main.c(72,9): warning C4477: “printf”: 格式字符串“%d”需要类型“int”的参数，但可变参数 1 拥有了类型“size_t”
  D:\c_code_gitee\c_language\Pointer_advanced_3\main.c(72,9):
  请考虑在格式字符串中使用“%zd”
  
D:\c_code_gitee\c_language\Pointer_advanced_3\main.c(77,9): warning C4477: “printf”: 格式字符串“%d”需要类型“int”的参数，但可变参数 1 拥有了类型“size_t”
  D:\c_code_gitee\c_language\Pointer_advanced_3\main.c(77,9):
  请考虑在格式字符串中使用“%zd”
  
D:\c_code_gitee\c_language\Pointer_advanced_3\main.c(78,9): warning C4477: “printf”: 格式字符串“%d”需要类型“int”的参数，但可变参数 1 拥有了类型“size_t”
  D:\c_code_gitee\c_language\Pointer_advanced_3\main.c(78,9):
  请考虑在格式字符串中使用“%zd”
  
D:\c_code_gitee\c_language\Pointer_advanced_3\main.c(79,9): warning C4477: “printf”: 格式字符串“%d”需要类型“int”的参数，但可变参数 1 拥有了类型“size_t”
  D:\c_code_gitee\c_language\Pointer_advanced_3\main.c(79,9):
  请考虑在格式字符串中使用“%zd”
  
D:\c_code_gitee\c_language\Pointer_advanced_3\main.c(80,9): warning C4477: “printf”: 格式字符串“%d”需要类型“int”的参数，但可变参数 1 拥有了类型“size_t”
  D:\c_code_gitee\c_language\Pointer_advanced_3\main.c(80,9):
  请考虑在格式字符串中使用“%zd”
  
D:\c_code_gitee\c_language\Pointer_advanced_3\main.c(81,9): warning C4477: “printf”: 格式字符串“%d”需要类型“int”的参数，但可变参数 1 拥有了类型“size_t”
  D:\c_code_gitee\c_language\Pointer_advanced_3\main.c(81,9):
  请考虑在格式字符串中使用“%zd”
  
D:\c_code_gitee\c_language\Pointer_advanced_3\main.c(82,9): warning C4477: “printf”: 格式字符串“%d”需要类型“int”的参数，但可变参数 1 拥有了类型“size_t”
  D:\c_code_gitee\c_language\Pointer_advanced_3\main.c(82,9):
  请考虑在格式字符串中使用“%zd”
  
D:\c_code_gitee\c_language\Pointer_advanced_3\main.c(83,9): warning C4477: “printf”: 格式字符串“%d”需要类型“int”的参数，但可变参数 1 拥有了类型“size_t”
  D:\c_code_gitee\c_language\Pointer_advanced_3\main.c(83,9):
  请考虑在格式字符串中使用“%zd”
  
D:\c_code_gitee\c_language\Pointer_advanced_3\main.c(84,9): warning C4477: “printf”: 格式字符串“%d”需要类型“int”的参数，但可变参数 1 拥有了类型“size_t”
  D:\c_code_gitee\c_language\Pointer_advanced_3\main.c(84,9):
  请考虑在格式字符串中使用“%zd”
  
D:\c_code_gitee\c_language\Pointer_advanced_3\main.c(85,9): warning C4477: “printf”: 格式字符串“%d”需要类型“int”的参数，但可变参数 1 拥有了类型“size_t”
  D:\c_code_gitee\c_language\Pointer_advanced_3\main.c(85,9):
  请考虑在格式字符串中使用“%zd”
  
D:\c_code_gitee\c_language\Pointer_advanced_3\main.c(86,9): warning C4477: “printf”: 格式字符串“%d”需要类型“int”的参数，但可变参数 1 拥有了类型“size_t”
  D:\c_code_gitee\c_language\Pointer_advanced_3\main.c(86,9):
  请考虑在格式字符串中使用“%zd”
  
D:\c_code_gitee\c_language\Pointer_advanced_3\main.c(87,9): warning C4477: “printf”: 格式字符串“%d”需要类型“int”的参数，但可变参数 1 拥有了类型“size_t”
  D:\c_code_gitee\c_language\Pointer_advanced_3\main.c(87,9):
  请考虑在格式字符串中使用“%zd”
  
